<?xml version="1.0" encoding="UTF-8"?>
<!-- Generated by org.testng.reporters.JUnitXMLReporter -->
<testsuite hostname="ENGLON132476L" ignored="0" name="Default test" tests="3" failures="0" timestamp="29 Sep 2018 07:36:09 GMT" time="6.668" errors="0">
  <testcase name="testResponsecode" time="3.162" classname="gistComment.GetComm"/>
  <testcase name="testbody" time="2.072" classname="gistComment.GetComm"/>
  <testcase name="timetaken" time="1.376" classname="gistComment.GetComm"/>
</testsuite> <!-- Default test -->
