<?xml version="1.0" encoding="UTF-8"?>
<testng-results skipped="0" failed="0" ignored="0" total="3" passed="3">
  <reporter-output>
  </reporter-output>
  <suite name="Default suite" duration-ms="6668" started-at="2018-09-29T07:36:03Z" finished-at="2018-09-29T07:36:09Z">
    <groups>
    </groups>
    <test name="Default test" duration-ms="6668" started-at="2018-09-29T07:36:03Z" finished-at="2018-09-29T07:36:09Z">
      <class name="gistComment.GetComm">
        <test-method status="PASS" signature="testResponsecode()[pri:0, instance:gistComment.GetComm@1593948d]" name="testResponsecode" duration-ms="3162" started-at="2018-09-29T07:36:03Z" finished-at="2018-09-29T07:36:06Z">
          <reporter-output>
          </reporter-output>
        </test-method> <!-- testResponsecode -->
        <test-method status="PASS" signature="testbody()[pri:0, instance:gistComment.GetComm@1593948d]" name="testbody" duration-ms="2072" started-at="2018-09-29T07:36:06Z" finished-at="2018-09-29T07:36:08Z">
          <reporter-output>
          </reporter-output>
        </test-method> <!-- testbody -->
        <test-method status="PASS" signature="timetaken()[pri:0, instance:gistComment.GetComm@1593948d]" name="timetaken" duration-ms="1376" started-at="2018-09-29T07:36:08Z" finished-at="2018-09-29T07:36:09Z">
          <reporter-output>
          </reporter-output>
        </test-method> <!-- timetaken -->
      </class> <!-- gistComment.GetComm -->
    </test> <!-- Default test -->
  </suite> <!-- Default suite -->
</testng-results>
